2025-06-02 22:39:25,228 INFO [main] org.springframework.boot.StartupInfoLogger [51] Starting ReadExcelSmSfileUtilityApplication using Java 23.0.1 with PID 24536 (C:\Users\gadeg\OneDrive\Desktop\ReadExcelSMSfileUtility\ReadExcelSMSfileUtility\target\classes started by gadeg in C:\Users\gadeg\OneDrive\Desktop\ReadExcelSMSfileUtility\ReadExcelSMSfileUtility)
2025-06-02 22:39:25,251 INFO [main] org.springframework.boot.SpringApplication [638] No active profile set, falling back to 1 default profile: "default"
2025-06-02 22:39:26,171 INFO [main] org.springframework.data.repository.config.RepositoryConfigurationDelegate [138] Bootstrapping Spring Data JPA repositories in DEFAULT mode.
2025-06-02 22:39:26,268 INFO [main] org.springframework.data.repository.config.RepositoryConfigurationDelegate [207] Finished Spring Data repository scanning in 81 ms. Found 3 JPA repository interfaces.
2025-06-02 22:39:27,616 INFO [main] org.springframework.boot.web.embedded.tomcat.TomcatWebServer [108] Tomcat initialized with port(s): 3004 (http)
2025-06-02 22:39:27,626 INFO [main] org.apache.juli.logging.DirectJDKLog [173] Initializing ProtocolHandler ["http-nio-3004"]
2025-06-02 22:39:27,632 INFO [main] org.apache.juli.logging.DirectJDKLog [173] Starting service [Tomcat]
2025-06-02 22:39:27,632 INFO [main] org.apache.juli.logging.DirectJDKLog [173] Starting Servlet engine: [Apache Tomcat/10.1.19]
2025-06-02 22:39:27,823 INFO [main] org.apache.juli.logging.DirectJDKLog [173] Initializing Spring embedded WebApplicationContext
2025-06-02 22:39:27,825 INFO [main] org.springframework.boot.web.servlet.context.ServletWebServerApplicationContext [291] Root WebApplicationContext: initialization completed in 2401 ms
2025-06-02 22:39:27,937 INFO [main] com.sms.RequestFilter [31] ******** Filter Initialized ********
2025-06-02 22:39:28,209 INFO [main] com.zaxxer.hikari.HikariDataSource [110] HikariPool - Starting...
2025-06-02 22:39:29,611 INFO [main] com.zaxxer.hikari.pool.HikariPool [565] HikariPool - Added connection org.postgresql.jdbc.PgConnection@475f5672
2025-06-02 22:39:29,613 INFO [main] com.zaxxer.hikari.HikariDataSource [123] HikariPool - Start completed.
2025-06-02 22:39:29,724 INFO [main] org.hibernate.jpa.internal.util.LogHelper [31] HHH000204: Processing PersistenceUnitInfo [name: default]
2025-06-02 22:39:29,808 INFO [main] org.hibernate.Version [44] HHH000412: Hibernate ORM core version 6.2.22.Final
2025-06-02 22:39:29,815 INFO [main] org.hibernate.cfg.Environment [191] HHH000406: Using bytecode reflection optimizer
2025-06-02 22:39:30,427 INFO [main] org.springframework.orm.jpa.persistenceunit.SpringPersistenceUnitInfo [87] No LoadTimeWeaver setup: ignoring JPA class transformer
2025-06-02 22:39:30,588 WARN [main] org.hibernate.engine.jdbc.dialect.internal.DialectFactoryImpl [152] HHH90000025: PostgreSQLDialect does not need to be specified explicitly using 'hibernate.dialect' (remove the property setting and it will be selected by default)
2025-06-02 22:39:31,983 INFO [main] org.hibernate.engine.transaction.jta.platform.internal.JtaPlatformInitiator [55] HHH000489: No JTA platform available (set 'hibernate.transaction.jta.platform' to enable JTA platform integration)
2025-06-02 22:39:31,988 INFO [main] org.springframework.orm.jpa.AbstractEntityManagerFactoryBean [437] Initialized JPA EntityManagerFactory for persistence unit 'default'
2025-06-02 22:39:32,562 INFO [main] org.springframework.data.jpa.repository.query.QueryEnhancerFactory [48] Hibernate is in classpath; If applicable, HQL parser will be used.
2025-06-02 22:39:33,776 WARN [main] org.springframework.boot.autoconfigure.orm.jpa.JpaBaseConfiguration$JpaWebConfiguration [231] spring.jpa.open-in-view is enabled by default. Therefore, database queries may be performed during view rendering. Explicitly configure spring.jpa.open-in-view to disable this warning
2025-06-02 22:39:34,551 INFO [main] org.apache.juli.logging.DirectJDKLog [173] Starting ProtocolHandler ["http-nio-3004"]
2025-06-02 22:39:34,580 INFO [main] org.springframework.boot.web.embedded.tomcat.TomcatWebServer [220] Tomcat started on port(s): 3004 (http) with context path ''
2025-06-02 22:39:34,628 INFO [main] org.springframework.boot.StartupInfoLogger [57] Started ReadExcelSmSfileUtilityApplication in 10.037 seconds (process running for 11.116)
2025-06-02 22:39:35,662 INFO [scheduling-1] com.sms.scheduler.FetchFileUtility [34] 

========== BULK SMS DISPATCH JOB STARTED TEST ==========
2025-06-02 22:39:35,822 INFO [scheduling-1] com.sms.scheduler.FetchFileUtility [39] No pending bulk SMS files found for processing.
2025-06-02 22:40:05,645 INFO [scheduling-1] com.sms.scheduler.FetchFileUtility [34] 

========== BULK SMS DISPATCH JOB STARTED TEST ==========
2025-06-02 22:40:05,661 INFO [scheduling-1] com.sms.scheduler.FetchFileUtility [39] No pending bulk SMS files found for processing.
