2025-05-10 17:49:14,283 INFO [main] org.springframework.boot.StartupInfoLogger [51] Starting ReadExcelSmSfileUtilityApplication using Java 23.0.1 with PID 20232 (C:\Users\gadeg\OneDrive\Desktop\ReadExcelSMSfileUtility\ReadExcelSMSfileUtility\target\classes started by gadeg in C:\Users\gadeg\OneDrive\Desktop\ReadExcelSMSfileUtility\ReadExcelSMSfileUtility)
2025-05-10 17:49:14,287 INFO [main] org.springframework.boot.SpringApplication [638] No active profile set, falling back to 1 default profile: "default"
2025-05-10 17:49:14,716 INFO [main] org.springframework.data.repository.config.RepositoryConfigurationDelegate [138] Bootstrapping Spring Data JPA repositories in DEFAULT mode.
2025-05-10 17:49:14,760 INFO [main] org.springframework.data.repository.config.RepositoryConfigurationDelegate [207] Finished Spring Data repository scanning in 34 ms. Found 2 JPA repository interfaces.
2025-05-10 17:49:15,405 INFO [main] org.springframework.boot.web.embedded.tomcat.TomcatWebServer [108] Tomcat initialized with port(s): 3004 (http)
2025-05-10 17:49:15,414 INFO [main] org.apache.juli.logging.DirectJDKLog [173] Initializing ProtocolHandler ["http-nio-3004"]
2025-05-10 17:49:15,417 INFO [main] org.apache.juli.logging.DirectJDKLog [173] Starting service [Tomcat]
2025-05-10 17:49:15,417 INFO [main] org.apache.juli.logging.DirectJDKLog [173] Starting Servlet engine: [Apache Tomcat/10.1.19]
2025-05-10 17:49:15,509 INFO [main] org.apache.juli.logging.DirectJDKLog [173] Initializing Spring embedded WebApplicationContext
2025-05-10 17:49:15,509 INFO [main] org.springframework.boot.web.servlet.context.ServletWebServerApplicationContext [291] Root WebApplicationContext: initialization completed in 1157 ms
2025-05-10 17:49:15,551 INFO [main] com.sms.RequestFilter [31] ******** Filter Initialized ********
2025-05-10 17:49:15,661 INFO [main] com.zaxxer.hikari.HikariDataSource [110] HikariPool - Starting...
2025-05-10 17:49:16,297 INFO [main] com.zaxxer.hikari.pool.HikariPool [565] HikariPool - Added connection org.postgresql.jdbc.PgConnection@5b5f9003
2025-05-10 17:49:16,298 INFO [main] com.zaxxer.hikari.HikariDataSource [123] HikariPool - Start completed.
2025-05-10 17:49:16,342 INFO [main] org.hibernate.jpa.internal.util.LogHelper [31] HHH000204: Processing PersistenceUnitInfo [name: default]
2025-05-10 17:49:16,374 INFO [main] org.hibernate.Version [44] HHH000412: Hibernate ORM core version 6.2.22.Final
2025-05-10 17:49:16,376 INFO [main] org.hibernate.cfg.Environment [191] HHH000406: Using bytecode reflection optimizer
2025-05-10 17:49:16,584 INFO [main] org.springframework.orm.jpa.persistenceunit.SpringPersistenceUnitInfo [87] No LoadTimeWeaver setup: ignoring JPA class transformer
2025-05-10 17:49:16,670 WARN [main] org.hibernate.engine.jdbc.dialect.internal.DialectFactoryImpl [152] HHH90000025: PostgreSQLDialect does not need to be specified explicitly using 'hibernate.dialect' (remove the property setting and it will be selected by default)
2025-05-10 17:49:17,306 INFO [main] org.hibernate.engine.transaction.jta.platform.internal.JtaPlatformInitiator [55] HHH000489: No JTA platform available (set 'hibernate.transaction.jta.platform' to enable JTA platform integration)
2025-05-10 17:49:17,308 INFO [main] org.springframework.orm.jpa.AbstractEntityManagerFactoryBean [437] Initialized JPA EntityManagerFactory for persistence unit 'default'
2025-05-10 17:49:17,622 INFO [main] org.springframework.data.jpa.repository.query.QueryEnhancerFactory [48] Hibernate is in classpath; If applicable, HQL parser will be used.
2025-05-10 17:49:18,315 WARN [main] org.springframework.boot.autoconfigure.orm.jpa.JpaBaseConfiguration$JpaWebConfiguration [231] spring.jpa.open-in-view is enabled by default. Therefore, database queries may be performed during view rendering. Explicitly configure spring.jpa.open-in-view to disable this warning
2025-05-10 17:49:18,639 INFO [main] org.apache.juli.logging.DirectJDKLog [173] Starting ProtocolHandler ["http-nio-3004"]
2025-05-10 17:49:18,659 INFO [main] org.springframework.boot.web.embedded.tomcat.TomcatWebServer [220] Tomcat started on port(s): 3004 (http) with context path ''
2025-05-10 17:49:18,671 INFO [main] org.springframework.boot.StartupInfoLogger [57] Started ReadExcelSmSfileUtilityApplication in 4.637 seconds (process running for 5.058)
2025-05-10 17:49:19,730 INFO [scheduling-1] com.sms.scheduler.FetchFileUtility [34] 

========== BULK SMS DISPATCH JOB STARTED ==========
2025-05-10 17:49:19,834 INFO [scheduling-1] com.sms.scheduler.FetchFileUtility [39] No pending bulk SMS files found for processing.
